Using pre-set license
Built from '2020.3/staging' branch; Version is '2020.3.25f1 (9b9180224418) revision 10195328'; Using compiler version '192528614'; Build Type 'Release'
OS: 'Windows 10  (10.0.19041) 64bit Core' Language: 'en' Physical Memory: 16308 MB
BatchMode: 1, IsHumanControllingUs: 0, StartBugReporterOnCrash: 0, Is64bit: 1, IsPro: 0

COMMAND LINE ARGUMENTS:
C:\Program Files\Unity\Hub\Editor\2020.3.25f1\Editor\Unity.exe
-adb2
-batchMode
-noUpm
-name
AssetImportWorker0
-projectPath
C:/Users/DAVEG/Desktop/detention/UpdatedDetn/Paper Movement TUT
-logFile
Logs/AssetImportWorker0.log
-srvPort
50884
Successfully changed project path to: C:/Users/DAVEG/Desktop/detention/UpdatedDetn/Paper Movement TUT
C:/Users/DAVEG/Desktop/detention/UpdatedDetn/Paper Movement TUT
Using Asset Import Pipeline V2.
Refreshing native plugins compatible for Editor in 53.13 ms, found 2 plugins.
Preloading 0 native plugins for Editor in 0.00 ms.
Initialize engine version: 2020.3.25f1 (9b9180224418)
[Subsystems] Discovering subsystems at path C:/Program Files/Unity/Hub/Editor/2020.3.25f1/Editor/Data/Resources/UnitySubsystems
[Subsystems] Discovering subsystems at path C:/Users/DAVEG/Desktop/detention/UpdatedDetn/Paper Movement TUT/Assets
GfxDevice: creating device client; threaded=0
Direct3D:
    Version:  Direct3D 11.0 [level 11.1]
    Renderer: NVIDIA GeForce GTX 1660 SUPER (ID=0x21c4)
    Vendor:   
    VRAM:     5991 MB
    Driver:   30.0.14.9729
Initialize mono
Mono path[0] = 'C:/Program Files/Unity/Hub/Editor/2020.3.25f1/Editor/Data/Managed'
Mono path[1] = 'C:/Program Files/Unity/Hub/Editor/2020.3.25f1/Editor/Data/MonoBleedingEdge/lib/mono/unityjit'
Mono config path = 'C:/Program Files/Unity/Hub/Editor/2020.3.25f1/Editor/Data/MonoBleedingEdge/etc'
Using monoOptions --debugger-agent=transport=dt_socket,embedding=1,server=y,suspend=n,address=127.0.0.1:56944
Begin MonoManager ReloadAssembly
Registering precompiled unity dll's ...
Register platform support module: C:/Program Files/Unity/Hub/Editor/2020.3.25f1/Editor/Data/PlaybackEngines/WebGLSupport/UnityEditor.WebGL.Extensions.dll
Register platform support module: C:/Program Files/Unity/Hub/Editor/2020.3.25f1/Editor/Data/PlaybackEngines/WindowsStandaloneSupport/UnityEditor.WindowsStandalone.Extensions.dll
Registered in 0.002060 seconds.
Native extension for WindowsStandalone target not found
Native extension for WebGL target not found
Refreshing native plugins compatible for Editor in 53.86 ms, found 2 plugins.
Preloading 0 native plugins for Editor in 0.00 ms.
Mono: successfully reloaded assembly
- Completed reload, in  0.533 seconds
Domain Reload Profiling:
	ReloadAssembly (534ms)
		BeginReloadAssembly (47ms)
			ExecutionOrderSort (0ms)
			DisableScriptedObjects (0ms)
			BackupInstance (0ms)
			ReleaseScriptingObjects (0ms)
			CreateAndSetChildDomain (1ms)
		EndReloadAssembly (419ms)
			LoadAssemblies (45ms)
			RebuildTransferFunctionScriptingTraits (0ms)
			SetupTypeCache (141ms)
			ReleaseScriptCaches (0ms)
			RebuildScriptCaches (26ms)
			SetupLoadedEditorAssemblies (165ms)
				LogAssemblyErrors (0ms)
				InitializePlatformSupportModulesInManaged (5ms)
				SetLoadedEditorAssemblies (0ms)
				RefreshPlugins (54ms)
				BeforeProcessingInitializeOnLoad (7ms)
				ProcessInitializeOnLoadAttributes (75ms)
				ProcessInitializeOnLoadMethodAttributes (25ms)
				AfterProcessingInitializeOnLoad (0ms)
				EditorAssembliesLoaded (0ms)
			ExecutionOrderSort2 (0ms)
			AwakeInstancesAfterBackupRestoration (0ms)
Platform modules already initialized, skipping
Registering precompiled user dll's ...
Registered in 0.004989 seconds.
Begin MonoManager ReloadAssembly
Native extension for WindowsStandalone target not found
Native extension for WebGL target not found
Refreshing native plugins compatible for Editor in 55.42 ms, found 2 plugins.
Preloading 0 native plugins for Editor in 0.00 ms.
Mono: successfully reloaded assembly
- Completed reload, in  1.045 seconds
Domain Reload Profiling:
	ReloadAssembly (1045ms)
		BeginReloadAssembly (128ms)
			ExecutionOrderSort (0ms)
			DisableScriptedObjects (4ms)
			BackupInstance (0ms)
			ReleaseScriptingObjects (0ms)
			CreateAndSetChildDomain (17ms)
		EndReloadAssembly (860ms)
			LoadAssemblies (80ms)
			RebuildTransferFunctionScriptingTraits (0ms)
			SetupTypeCache (308ms)
			ReleaseScriptCaches (1ms)
			RebuildScriptCaches (44ms)
			SetupLoadedEditorAssemblies (318ms)
				LogAssemblyErrors (0ms)
				InitializePlatformSupportModulesInManaged (4ms)
				SetLoadedEditorAssemblies (0ms)
				RefreshPlugins (56ms)
				BeforeProcessingInitializeOnLoad (72ms)
				ProcessInitializeOnLoadAttributes (171ms)
				ProcessInitializeOnLoadMethodAttributes (8ms)
				AfterProcessingInitializeOnLoad (6ms)
				EditorAssembliesLoaded (0ms)
			ExecutionOrderSort2 (0ms)
			AwakeInstancesAfterBackupRestoration (6ms)
Platform modules already initialized, skipping
========================================================================
Worker process is ready to serve import requests
Launched and connected shader compiler UnityShaderCompiler.exe after 0.06 seconds
Refreshing native plugins compatible for Editor in 0.58 ms, found 2 plugins.
Preloading 0 native plugins for Editor in 0.00 ms.
Unloading 2791 Unused Serialized files (Serialized files now loaded: 0)
System memory in use before: 136.0 MB.
System memory in use after: 136.2 MB.

Unloading 20 unused Assets to reduce memory usage. Loaded Objects now: 3243.
Total: 3.079600 ms (FindLiveObjects: 0.245000 ms CreateObjectMapping: 0.180500 ms MarkObjects: 2.573400 ms  DeleteObjects: 0.080000 ms)

AssetImportParameters requested are different than current active one (requested -> active):
  custom:framework-win-MediaFoundation: 216162199b28c13a410421893ffa2e32 -> 
  custom:video-decoder-ogg-theora: a1e56fd34408186e4bbccfd4996cb3dc -> 
  custom:container-muxer-webm: aa71ff27fc2769a1b78a27578f13a17b -> 
  custom:container-demuxer-webm: 4f35f7cbe854078d1ac9338744f61a02 -> 
  custom:container-demuxer-ogg: 62fdf1f143b41e24485cea50d1cbac27 -> 
  custom:video-encoder-webm-vp8: eb34c28f22e8b96e1ab97ce403110664 -> 
  custom:video-decoder-webm-vp8: 9c59270c3fd7afecdb556c50c9e8de78 -> 
  custom:audio-decoder-ogg-vorbis: bf7c407c2cedff20999df2af8eb42d56 -> 
  custom:audio-encoder-webm-vorbis: bf7c407c2cedff20999df2af8eb42d56 -> 
========================================================================
Received Import Request.
  path: Assets/Detention/Fang/Animation/Right/RunRight/SHADED0009.png
  artifactKey: Guid(ecdbaaf23bcc94d4384265c31e458b9b) Importer(815301076,1909f56bfc062723c751e8b465ee728b)
Start importing Assets/Detention/Fang/Animation/Right/RunRight/SHADED0009.png using Guid(ecdbaaf23bcc94d4384265c31e458b9b) Importer(815301076,1909f56bfc062723c751e8b465ee728b)  -> (artifact id: '0b01b38efc965465078067a7182462a2') in 0.110981 seconds 
  Import took 0.115365 seconds .

========================================================================
Received Import Request.
  Time since last request: 0.000192 seconds.
  path: Assets/Detention/Fang/Animation/Right/RunRight/SHADED0001.png
  artifactKey: Guid(f8f6e5f69c2c02347a6b100e673d85fc) Importer(815301076,1909f56bfc062723c751e8b465ee728b)
Start importing Assets/Detention/Fang/Animation/Right/RunRight/SHADED0001.png using Guid(f8f6e5f69c2c02347a6b100e673d85fc) Importer(815301076,1909f56bfc062723c751e8b465ee728b)  -> (artifact id: '7310a392e27b0847b145f932941b19fb') in 0.014381 seconds 
  Import took 0.019488 seconds .

========================================================================
Received Import Request.
  Time since last request: 0.000144 seconds.
  path: Assets/Detention/Fang/Animation/Right/RunRight/SHADED0003.png
  artifactKey: Guid(a539705f2fd35ab4c9cb2a91f62d714d) Importer(815301076,1909f56bfc062723c751e8b465ee728b)
Start importing Assets/Detention/Fang/Animation/Right/RunRight/SHADED0003.png using Guid(a539705f2fd35ab4c9cb2a91f62d714d) Importer(815301076,1909f56bfc062723c751e8b465ee728b)  -> (artifact id: '925951f17258d5466bf682e05dd348c3') in 0.013430 seconds 
  Import took 0.017484 seconds .

========================================================================
Received Import Request.
  Time since last request: 0.000152 seconds.
  path: Assets/Detention/Fang/Animation/Right/RunRight/SHADED0005.png
  artifactKey: Guid(29dea669cace4c9418de5cc9c7e24019) Importer(815301076,1909f56bfc062723c751e8b465ee728b)
Start importing Assets/Detention/Fang/Animation/Right/RunRight/SHADED0005.png using Guid(29dea669cace4c9418de5cc9c7e24019) Importer(815301076,1909f56bfc062723c751e8b465ee728b)  -> (artifact id: '5ca0941494e4edf0df8218f3ab4c7d26') in 0.012575 seconds 
  Import took 0.016744 seconds .

========================================================================
Received Import Request.
  Time since last request: 0.000172 seconds.
  path: Assets/Detention/Fang/Animation/Right/RunRight/SHADED0008.png
  artifactKey: Guid(30fde61089f04174a8d50ddcc7443990) Importer(815301076,1909f56bfc062723c751e8b465ee728b)
Start importing Assets/Detention/Fang/Animation/Right/RunRight/SHADED0008.png using Guid(30fde61089f04174a8d50ddcc7443990) Importer(815301076,1909f56bfc062723c751e8b465ee728b)  -> (artifact id: 'c758b5a751fa659c32cf219366972d13') in 0.012785 seconds 
  Import took 0.016853 seconds .

========================================================================
Received Import Request.
  Time since last request: 0.203531 seconds.
  path: Assets/Detention/Fang/Animation/Right/RunRight/SHADED0007.png
  artifactKey: Guid(b8544973a42ffb349b023e1ce5c529b2) Importer(815301076,1909f56bfc062723c751e8b465ee728b)
Start importing Assets/Detention/Fang/Animation/Right/RunRight/SHADED0007.png using Guid(b8544973a42ffb349b023e1ce5c529b2) Importer(815301076,1909f56bfc062723c751e8b465ee728b)  -> (artifact id: 'b5c59699c05d6e0a97961c1540122d07') in 0.012398 seconds 
  Import took 0.016445 seconds .

========================================================================
Received Import Request.
  Time since last request: 0.895038 seconds.
  path: Assets/Detention/Fang/Animation/Right/RunRight/SHADED0006.png
  artifactKey: Guid(003cb0d763f420c4d94af07d596607c4) Importer(815301076,1909f56bfc062723c751e8b465ee728b)
Start importing Assets/Detention/Fang/Animation/Right/RunRight/SHADED0006.png using Guid(003cb0d763f420c4d94af07d596607c4) Importer(815301076,1909f56bfc062723c751e8b465ee728b)  -> (artifact id: 'fc03fdd16f4adac4ec659e5985dfa451') in 0.012199 seconds 
  Import took 0.016306 seconds .

========================================================================
Received Prepare
Refreshing native plugins compatible for Editor in 3.43 ms, found 2 plugins.
Preloading 0 native plugins for Editor in 0.00 ms.
Unloading 14 Unused Serialized files (Serialized files now loaded: 0)
System memory in use before: 79.9 MB.
System memory in use after: 80.1 MB.

Unloading 13 unused Assets to reduce memory usage. Loaded Objects now: 3249.
Total: 3.272000 ms (FindLiveObjects: 0.216500 ms CreateObjectMapping: 0.139900 ms MarkObjects: 2.902600 ms  DeleteObjects: 0.012400 ms)

AssetImportParameters requested are different than current active one (requested -> active):
  custom:framework-win-MediaFoundation: 216162199b28c13a410421893ffa2e32 -> 
  custom:video-decoder-ogg-theora: a1e56fd34408186e4bbccfd4996cb3dc -> 
  custom:container-muxer-webm: aa71ff27fc2769a1b78a27578f13a17b -> 
  custom:container-demuxer-webm: 4f35f7cbe854078d1ac9338744f61a02 -> 
  custom:container-demuxer-ogg: 62fdf1f143b41e24485cea50d1cbac27 -> 
  custom:video-encoder-webm-vp8: eb34c28f22e8b96e1ab97ce403110664 -> 
  custom:video-decoder-webm-vp8: 9c59270c3fd7afecdb556c50c9e8de78 -> 
  custom:audio-decoder-ogg-vorbis: bf7c407c2cedff20999df2af8eb42d56 -> 
  custom:audio-encoder-webm-vorbis: bf7c407c2cedff20999df2af8eb42d56 -> 
========================================================================
Received Import Request.
  Time since last request: 1400.945960 seconds.
  path: Assets/Detention/Fang/Animation/Right/RunRight/SHADED0004.png
  artifactKey: Guid(bd3819e84e0525c4b8199eecc9f15c6f) Importer(815301076,1909f56bfc062723c751e8b465ee728b)
Start importing Assets/Detention/Fang/Animation/Right/RunRight/SHADED0004.png using Guid(bd3819e84e0525c4b8199eecc9f15c6f) Importer(815301076,1909f56bfc062723c751e8b465ee728b)  -> (artifact id: '58339fa71788414d7db8c67c052f40f0') in 0.036610 seconds 
  Import took 0.046655 seconds .

========================================================================
Received Import Request.
  Time since last request: 3.749235 seconds.
  path: Assets/Detention/Fang/Animation/Right/RunRight/New
  artifactKey: Guid(0b04a9ace0f6e6b4e9d0f8aa710d5a88) Importer(815301076,1909f56bfc062723c751e8b465ee728b)
Start importing Assets/Detention/Fang/Animation/Right/RunRight/New using Guid(0b04a9ace0f6e6b4e9d0f8aa710d5a88) Importer(815301076,1909f56bfc062723c751e8b465ee728b)  -> (artifact id: '35a9c70123254bf8a5c4a678c91959ee') in 0.005548 seconds 
  Import took 0.009398 seconds .

========================================================================
Received Import Request.
  Time since last request: 5.618371 seconds.
  path: Assets/Detention/Fang/Animation/Right/RunRight/New/SHADED0002.png
  artifactKey: Guid(07f10f9fa811faa409310ff74a4c0d53) Importer(815301076,1909f56bfc062723c751e8b465ee728b)
Start importing Assets/Detention/Fang/Animation/Right/RunRight/New/SHADED0002.png using Guid(07f10f9fa811faa409310ff74a4c0d53) Importer(815301076,1909f56bfc062723c751e8b465ee728b)  -> (artifact id: 'a34774154321607aaaeb0ed1373029b0') in 0.013847 seconds 
  Import took 0.018943 seconds .

========================================================================
Received Import Request.
  Time since last request: 18.160615 seconds.
  path: Assets/Detention/Fang/Animation/Right/RunRight/New/SHADED0008.png
  artifactKey: Guid(a4e31510850340a4d9b2f3ebfd9916ff) Importer(815301076,1909f56bfc062723c751e8b465ee728b)
Start importing Assets/Detention/Fang/Animation/Right/RunRight/New/SHADED0008.png using Guid(a4e31510850340a4d9b2f3ebfd9916ff) Importer(815301076,1909f56bfc062723c751e8b465ee728b)  -> (artifact id: '7c74b3411bf4b9acf116ddbf4fe48450') in 0.011630 seconds 
  Import took 0.016723 seconds .

========================================================================
Received Import Request.
  Time since last request: 0.689439 seconds.
  path: Assets/Detention/Fang/Animation/Right/RunRight/New/SHADED0009.png
  artifactKey: Guid(8c9e6dfbb2e1beb47a06bb40e5749093) Importer(815301076,1909f56bfc062723c751e8b465ee728b)
Start importing Assets/Detention/Fang/Animation/Right/RunRight/New/SHADED0009.png using Guid(8c9e6dfbb2e1beb47a06bb40e5749093) Importer(815301076,1909f56bfc062723c751e8b465ee728b)  -> (artifact id: '37062886cf90406578b64b450a23b6d8') in 0.009352 seconds 
  Import took 0.013729 seconds .

========================================================================
Received Import Request.
  Time since last request: 1.531037 seconds.
  path: Assets/Detention/Fang/Animation/Right/RunRight/New/SHADED0006.png
  artifactKey: Guid(c33e10c3bec1254448786f007b4ef8d2) Importer(815301076,1909f56bfc062723c751e8b465ee728b)
Start importing Assets/Detention/Fang/Animation/Right/RunRight/New/SHADED0006.png using Guid(c33e10c3bec1254448786f007b4ef8d2) Importer(815301076,1909f56bfc062723c751e8b465ee728b)  -> (artifact id: '02e4f42ab9eb24a123f8be18ed4dc338') in 0.011079 seconds 
  Import took 0.016167 seconds .

========================================================================
Received Import Request.
  Time since last request: 4.406129 seconds.
  path: Assets/Detention/Fang/Animation/Right/RunRight/New/SHADED0000.png
  artifactKey: Guid(d15b465afd34cd740a34b1f251934591) Importer(815301076,1909f56bfc062723c751e8b465ee728b)
Start importing Assets/Detention/Fang/Animation/Right/RunRight/New/SHADED0000.png using Guid(d15b465afd34cd740a34b1f251934591) Importer(815301076,1909f56bfc062723c751e8b465ee728b)  -> (artifact id: '0d60420b174f79d08f1c6a14ac5528ef') in 0.010696 seconds 
  Import took 0.015090 seconds .

========================================================================
Received Import Request.
  Time since last request: 7.137974 seconds.
  path: Assets/Detention/Fang/Animation/Right/RunRight/New/SHADED0006.png
  artifactKey: Guid(c33e10c3bec1254448786f007b4ef8d2) Importer(815301076,1909f56bfc062723c751e8b465ee728b)
Start importing Assets/Detention/Fang/Animation/Right/RunRight/New/SHADED0006.png using Guid(c33e10c3bec1254448786f007b4ef8d2) Importer(815301076,1909f56bfc062723c751e8b465ee728b)  -> (artifact id: '3b492c1d8a2930859c75c5bb438285fa') in 0.024110 seconds 
  Import took 0.028859 seconds .

========================================================================
Received Import Request.
  Time since last request: 50.983232 seconds.
  path: Assets/Detention/Fang/Animation/Right/RunRight/SHADED0000.controller
  artifactKey: Guid(7d971b2b5a6f1cb4f8ffb21489696970) Importer(815301076,1909f56bfc062723c751e8b465ee728b)
Start importing Assets/Detention/Fang/Animation/Right/RunRight/SHADED0000.controller using Guid(7d971b2b5a6f1cb4f8ffb21489696970) Importer(815301076,1909f56bfc062723c751e8b465ee728b)  -> (artifact id: 'a89c00c01ae7ff6c39813a055df442d1') in 0.007643 seconds 
  Import took 0.012671 seconds .

========================================================================
Received Import Request.
  Time since last request: 106.734151 seconds.
  path: Assets/Detention/Fang/Animation/Right/StopRight/WSR0005.png
  artifactKey: Guid(57723ba1576bda249bdcb69672aae986) Importer(815301076,1909f56bfc062723c751e8b465ee728b)
Start importing Assets/Detention/Fang/Animation/Right/StopRight/WSR0005.png using Guid(57723ba1576bda249bdcb69672aae986) Importer(815301076,1909f56bfc062723c751e8b465ee728b)  -> (artifact id: '78b777b519470eafe693d09d37b3463c') in 0.030027 seconds 
  Import took 0.037868 seconds .

========================================================================
Received Import Request.
  Time since last request: 13.627838 seconds.
  path: Assets/Detention/Fang/Animation/Right/StopRight/New
  artifactKey: Guid(db53504515351564d809c2779dd7e864) Importer(815301076,1909f56bfc062723c751e8b465ee728b)
Start importing Assets/Detention/Fang/Animation/Right/StopRight/New using Guid(db53504515351564d809c2779dd7e864) Importer(815301076,1909f56bfc062723c751e8b465ee728b)  -> (artifact id: 'f738b36cce20ccdfba1ea575646338da') in 0.002326 seconds 
  Import took 0.006411 seconds .

========================================================================
Received Import Request.
  Time since last request: 8.373738 seconds.
  path: Assets/Detention/Fang/Animation/Right/StopRight/Materials
  artifactKey: Guid(c504e4fb8ee7c454bb9ceafdc5635b7d) Importer(815301076,1909f56bfc062723c751e8b465ee728b)
Start importing Assets/Detention/Fang/Animation/Right/StopRight/Materials using Guid(c504e4fb8ee7c454bb9ceafdc5635b7d) Importer(815301076,1909f56bfc062723c751e8b465ee728b)  -> (artifact id: 'de778be564c7b2eb898d43a0c7c9ea97') in 0.008174 seconds 
  Import took 0.013076 seconds .

========================================================================
Received Import Request.
  Time since last request: 3.816720 seconds.
  path: Assets/Detention/Fang/Animation/Right/StopRight/FangStopRightOld.anim
  artifactKey: Guid(d819ecda681be3041a056e6f4592a62e) Importer(815301076,1909f56bfc062723c751e8b465ee728b)
Start importing Assets/Detention/Fang/Animation/Right/StopRight/FangStopRightOld.anim using Guid(d819ecda681be3041a056e6f4592a62e) Importer(815301076,1909f56bfc062723c751e8b465ee728b)  -> (artifact id: 'b10409d3193383ccb65293fc273d086f') in 0.009364 seconds 
  Import took 0.014342 seconds .

========================================================================
Received Import Request.
  Time since last request: 7.891669 seconds.
  path: Assets/Detention/Fang/Animation/Right/RunRight/FangRunRight.anim
  artifactKey: Guid(524051752b74fa942a678e27f914320d) Importer(815301076,1909f56bfc062723c751e8b465ee728b)
Start importing Assets/Detention/Fang/Animation/Right/RunRight/FangRunRight.anim using Guid(524051752b74fa942a678e27f914320d) Importer(815301076,1909f56bfc062723c751e8b465ee728b)  -> (artifact id: 'f5219b7737761c9a28696ea3ae8e35f2') in 0.007614 seconds 
  Import took 0.012617 seconds .

========================================================================
Received Import Request.
  Time since last request: 13.481002 seconds.
  path: Assets/Detention/Fang/Animation/Right/RunRight/Old/WRF0002.png
  artifactKey: Guid(64c39c81fe67f994caace0d765f7a824) Importer(815301076,1909f56bfc062723c751e8b465ee728b)
Start importing Assets/Detention/Fang/Animation/Right/RunRight/Old/WRF0002.png using Guid(64c39c81fe67f994caace0d765f7a824) Importer(815301076,1909f56bfc062723c751e8b465ee728b)  -> (artifact id: '04aa085d3483f254864ea394b2250a69') in 0.040541 seconds 
  Import took 0.044950 seconds .

========================================================================
Received Import Request.
  Time since last request: 0.983603 seconds.
  path: Assets/Detention/Fang/Animation/Right/RunRight/Old/WRF0008.png
  artifactKey: Guid(13ea214e3ffda314cb3a66e757704e7e) Importer(815301076,1909f56bfc062723c751e8b465ee728b)
Start importing Assets/Detention/Fang/Animation/Right/RunRight/Old/WRF0008.png using Guid(13ea214e3ffda314cb3a66e757704e7e) Importer(815301076,1909f56bfc062723c751e8b465ee728b)  -> (artifact id: '365198708d0772489fbfebdbfb34ccf1') in 0.023883 seconds 
  Import took 0.028738 seconds .

========================================================================
Received Import Request.
  Time since last request: 19.979892 seconds.
  path: Assets/Detention/Fang/Animation/Right/StopRight/New/SHADED0000.png
  artifactKey: Guid(03ad91303695e8b438d6d4cd50f7733a) Importer(815301076,1909f56bfc062723c751e8b465ee728b)
Start importing Assets/Detention/Fang/Animation/Right/StopRight/New/SHADED0000.png using Guid(03ad91303695e8b438d6d4cd50f7733a) Importer(815301076,1909f56bfc062723c751e8b465ee728b)  -> (artifact id: '42c72e007ae9b0f19d8b2cb743ad8181') in 0.015674 seconds 
  Import took 0.019809 seconds .

========================================================================
Received Import Request.
  Time since last request: 0.522526 seconds.
  path: Assets/Detention/Fang/Animation/Right/StopRight/New/SHADED0001.png
  artifactKey: Guid(6b13525a0304adb43b896adc9391b61b) Importer(815301076,1909f56bfc062723c751e8b465ee728b)
Start importing Assets/Detention/Fang/Animation/Right/StopRight/New/SHADED0001.png using Guid(6b13525a0304adb43b896adc9391b61b) Importer(815301076,1909f56bfc062723c751e8b465ee728b)  -> (artifact id: '6b448a7da25d3b2e6e0f310f5cfc7456') in 0.013662 seconds 
  Import took 0.018666 seconds .

========================================================================
Received Import Request.
  Time since last request: 7.700655 seconds.
  path: Assets/Detention/Fang/Animation/Right/StopRight/New/SHADED0001.png
  artifactKey: Guid(6b13525a0304adb43b896adc9391b61b) Importer(815301076,1909f56bfc062723c751e8b465ee728b)
Start importing Assets/Detention/Fang/Animation/Right/StopRight/New/SHADED0001.png using Guid(6b13525a0304adb43b896adc9391b61b) Importer(815301076,1909f56bfc062723c751e8b465ee728b)  -> (artifact id: '428311e01346c3b4a1ec07e904ab35ac') in 0.022690 seconds 
  Import took 0.028265 seconds .

========================================================================
Received Import Request.
  Time since last request: 10.237764 seconds.
  path: Assets/Detention/Fang/Animation/Right/StopRight/New/SHADED0000.png
  artifactKey: Guid(03ad91303695e8b438d6d4cd50f7733a) Importer(815301076,1909f56bfc062723c751e8b465ee728b)
Start importing Assets/Detention/Fang/Animation/Right/StopRight/New/SHADED0000.png using Guid(03ad91303695e8b438d6d4cd50f7733a) Importer(815301076,1909f56bfc062723c751e8b465ee728b)  -> (artifact id: '23485cf7a656559ef0dfbbca97ef094b') in 0.018587 seconds 
  Import took 0.023148 seconds .

========================================================================
Received Import Request.
  Time since last request: 0.999728 seconds.
  path: Assets/Detention/Fang/Animation/Right/StopRight/New/SHADED0006.png
  artifactKey: Guid(ffab740d303d74948b02628e28cdd33e) Importer(815301076,1909f56bfc062723c751e8b465ee728b)
Start importing Assets/Detention/Fang/Animation/Right/StopRight/New/SHADED0006.png using Guid(ffab740d303d74948b02628e28cdd33e) Importer(815301076,1909f56bfc062723c751e8b465ee728b)  -> (artifact id: '76afe0fe9660291fd2f947c014b33bfc') in 0.020722 seconds 
  Import took 0.025072 seconds .

========================================================================
Received Import Request.
  Time since last request: 43.211295 seconds.
  path: Assets/Detention/Fang/Animation/Right/StopRight/New/SHADED0006.controller
  artifactKey: Guid(da1e653ce9cdf1443b533a06841e5c5a) Importer(815301076,1909f56bfc062723c751e8b465ee728b)
Start importing Assets/Detention/Fang/Animation/Right/StopRight/New/SHADED0006.controller using Guid(da1e653ce9cdf1443b533a06841e5c5a) Importer(815301076,1909f56bfc062723c751e8b465ee728b)  -> (artifact id: 'b9a116301013f5c5c77e67ba7d59c5b5') in 0.002991 seconds 
  Import took 0.008003 seconds .

========================================================================
Received Import Request.
  Time since last request: 14.950225 seconds.
  path: Assets/Detention/Fang/Animation/Right/StopRight/New/SHADED0003.png
  artifactKey: Guid(4704abc1fa8608b429d78cb571e52d1b) Importer(815301076,1909f56bfc062723c751e8b465ee728b)
Start importing Assets/Detention/Fang/Animation/Right/StopRight/New/SHADED0003.png using Guid(4704abc1fa8608b429d78cb571e52d1b) Importer(815301076,1909f56bfc062723c751e8b465ee728b)  -> (artifact id: '0523e24c86f98115629fded898754cb1') in 0.026699 seconds 
  Import took 0.031739 seconds .

========================================================================
Received Import Request.
  Time since last request: 8.530719 seconds.
  path: Assets/Detention/Fang/Animation/Right/StopRight/New/SHADED0005.png
  artifactKey: Guid(12449d0a8e4e6304db7bfe0bf47a4cd2) Importer(815301076,1909f56bfc062723c751e8b465ee728b)
Start importing Assets/Detention/Fang/Animation/Right/StopRight/New/SHADED0005.png using Guid(12449d0a8e4e6304db7bfe0bf47a4cd2) Importer(815301076,1909f56bfc062723c751e8b465ee728b)  -> (artifact id: '10dbe930e60348b224503f2e9bd8d241') in 0.030976 seconds 
  Import took 0.035362 seconds .

========================================================================
Received Import Request.
  Time since last request: 11.260218 seconds.
  path: Assets/Detention/Fang/Animation/Right/StopRight/New/SHADED0004.png
  artifactKey: Guid(e542c6f1c460c774495042f913235834) Importer(815301076,1909f56bfc062723c751e8b465ee728b)
Start importing Assets/Detention/Fang/Animation/Right/StopRight/New/SHADED0004.png using Guid(e542c6f1c460c774495042f913235834) Importer(815301076,1909f56bfc062723c751e8b465ee728b)  -> (artifact id: '6480e8aca4f82fbdd724dd0e518c55e3') in 0.024750 seconds 
  Import took 0.029066 seconds .

========================================================================
Received Import Request.
  Time since last request: 9.198064 seconds.
  path: Assets/Detention/Fang/Animation/Right/StopRight/New/SHADED0006 1.png
  artifactKey: Guid(1a9e4c7fb18dfff488f68c577e4b90bc) Importer(815301076,1909f56bfc062723c751e8b465ee728b)
Start importing Assets/Detention/Fang/Animation/Right/StopRight/New/SHADED0006 1.png using Guid(1a9e4c7fb18dfff488f68c577e4b90bc) Importer(815301076,1909f56bfc062723c751e8b465ee728b)  -> (artifact id: 'f5f0bcabcde307a1d07caf80e2da038e') in 0.024468 seconds 
  Import took 0.028362 seconds .

========================================================================
Received Import Request.
  Time since last request: 9.129130 seconds.
  path: Assets/Detention/Fang/Animation/Right/StopRight/New/SHADED0006 (COPY).png
  artifactKey: Guid(1a9e4c7fb18dfff488f68c577e4b90bc) Importer(815301076,1909f56bfc062723c751e8b465ee728b)
Start importing Assets/Detention/Fang/Animation/Right/StopRight/New/SHADED0006 (COPY).png using Guid(1a9e4c7fb18dfff488f68c577e4b90bc) Importer(815301076,1909f56bfc062723c751e8b465ee728b)  -> (artifact id: '70d5c8be6e3379af7afbcf21dd96aac5') in 0.030242 seconds 
  Import took 0.034143 seconds .

========================================================================
Received Prepare
Registering precompiled user dll's ...
Registered in 0.004205 seconds.
Begin MonoManager ReloadAssembly
Native extension for WindowsStandalone target not found
Native extension for WebGL target not found
Refreshing native plugins compatible for Editor in 0.58 ms, found 2 plugins.
Preloading 0 native plugins for Editor in 0.00 ms.
Mono: successfully reloaded assembly
- Completed reload, in  1.223 seconds
Domain Reload Profiling:
	ReloadAssembly (1223ms)
		BeginReloadAssembly (144ms)
			ExecutionOrderSort (0ms)
			DisableScriptedObjects (4ms)
			BackupInstance (0ms)
			ReleaseScriptingObjects (0ms)
			CreateAndSetChildDomain (55ms)
		EndReloadAssembly (1025ms)
			LoadAssemblies (89ms)
			RebuildTransferFunctionScriptingTraits (0ms)
			SetupTypeCache (492ms)
			ReleaseScriptCaches (1ms)
			RebuildScriptCaches (61ms)
			SetupLoadedEditorAssemblies (296ms)
				LogAssemblyErrors (0ms)
				InitializePlatformSupportModulesInManaged (5ms)
				SetLoadedEditorAssemblies (1ms)
				RefreshPlugins (1ms)
				BeforeProcessingInitializeOnLoad (72ms)
				ProcessInitializeOnLoadAttributes (205ms)
				ProcessInitializeOnLoadMethodAttributes (7ms)
				AfterProcessingInitializeOnLoad (5ms)
				EditorAssembliesLoaded (0ms)
			ExecutionOrderSort2 (0ms)
			AwakeInstancesAfterBackupRestoration (6ms)
Platform modules already initialized, skipping
Refreshing native plugins compatible for Editor in 0.94 ms, found 2 plugins.
Preloading 0 native plugins for Editor in 0.00 ms.
Unloading 2731 Unused Serialized files (Serialized files now loaded: 0)
System memory in use before: 133.5 MB.
System memory in use after: 133.7 MB.

Unloading 15 unused Assets to reduce memory usage. Loaded Objects now: 3258.
Total: 2.789900 ms (FindLiveObjects: 0.205000 ms CreateObjectMapping: 0.117100 ms MarkObjects: 2.453400 ms  DeleteObjects: 0.013800 ms)

AssetImportParameters requested are different than current active one (requested -> active):
  custom:framework-win-MediaFoundation: 216162199b28c13a410421893ffa2e32 -> 
  custom:video-decoder-ogg-theora: a1e56fd34408186e4bbccfd4996cb3dc -> 
  custom:container-muxer-webm: aa71ff27fc2769a1b78a27578f13a17b -> 
  custom:container-demuxer-webm: 4f35f7cbe854078d1ac9338744f61a02 -> 
  custom:container-demuxer-ogg: 62fdf1f143b41e24485cea50d1cbac27 -> 
  custom:video-encoder-webm-vp8: eb34c28f22e8b96e1ab97ce403110664 -> 
  custom:video-decoder-webm-vp8: 9c59270c3fd7afecdb556c50c9e8de78 -> 
  custom:audio-decoder-ogg-vorbis: bf7c407c2cedff20999df2af8eb42d56 -> 
  custom:audio-encoder-webm-vorbis: bf7c407c2cedff20999df2af8eb42d56 -> 
========================================================================
Received Prepare
Registering precompiled user dll's ...
Registered in 0.004218 seconds.
Begin MonoManager ReloadAssembly
Native extension for WindowsStandalone target not found
Native extension for WebGL target not found
Refreshing native plugins compatible for Editor in 0.95 ms, found 2 plugins.
Preloading 0 native plugins for Editor in 0.00 ms.
Mono: successfully reloaded assembly
- Completed reload, in  1.333 seconds
Domain Reload Profiling:
	ReloadAssembly (1333ms)
		BeginReloadAssembly (99ms)
			ExecutionOrderSort (0ms)
			DisableScriptedObjects (4ms)
			BackupInstance (0ms)
			ReleaseScriptingObjects (0ms)
			CreateAndSetChildDomain (32ms)
		EndReloadAssembly (1181ms)
			LoadAssemblies (100ms)
			RebuildTransferFunctionScriptingTraits (0ms)
			SetupTypeCache (372ms)
			ReleaseScriptCaches (1ms)
			RebuildScriptCaches (41ms)
			SetupLoadedEditorAssemblies (479ms)
				LogAssemblyErrors (0ms)
				InitializePlatformSupportModulesInManaged (11ms)
				SetLoadedEditorAssemblies (1ms)
				RefreshPlugins (1ms)
				BeforeProcessingInitializeOnLoad (112ms)
				ProcessInitializeOnLoadAttributes (342ms)
				ProcessInitializeOnLoadMethodAttributes (7ms)
				AfterProcessingInitializeOnLoad (6ms)
				EditorAssembliesLoaded (0ms)
			ExecutionOrderSort2 (0ms)
			AwakeInstancesAfterBackupRestoration (6ms)
Platform modules already initialized, skipping
Refreshing native plugins compatible for Editor in 1.17 ms, found 2 plugins.
Preloading 0 native plugins for Editor in 0.00 ms.
Unloading 2731 Unused Serialized files (Serialized files now loaded: 0)
System memory in use before: 133.5 MB.
System memory in use after: 133.7 MB.

Unloading 15 unused Assets to reduce memory usage. Loaded Objects now: 3260.
Total: 13.511900 ms (FindLiveObjects: 0.625700 ms CreateObjectMapping: 0.471100 ms MarkObjects: 12.362200 ms  DeleteObjects: 0.049100 ms)

AssetImportParameters requested are different than current active one (requested -> active):
  custom:framework-win-MediaFoundation: 216162199b28c13a410421893ffa2e32 -> 
  custom:video-decoder-ogg-theora: a1e56fd34408186e4bbccfd4996cb3dc -> 
  custom:container-muxer-webm: aa71ff27fc2769a1b78a27578f13a17b -> 
  custom:container-demuxer-webm: 4f35f7cbe854078d1ac9338744f61a02 -> 
  custom:container-demuxer-ogg: 62fdf1f143b41e24485cea50d1cbac27 -> 
  custom:video-encoder-webm-vp8: eb34c28f22e8b96e1ab97ce403110664 -> 
  custom:video-decoder-webm-vp8: 9c59270c3fd7afecdb556c50c9e8de78 -> 
  custom:audio-decoder-ogg-vorbis: bf7c407c2cedff20999df2af8eb42d56 -> 
  custom:audio-encoder-webm-vorbis: bf7c407c2cedff20999df2af8eb42d56 -> 
========================================================================
Received Prepare
Registering precompiled user dll's ...
Registered in 0.004487 seconds.
Begin MonoManager ReloadAssembly
Native extension for WindowsStandalone target not found
Native extension for WebGL target not found
Refreshing native plugins compatible for Editor in 0.63 ms, found 2 plugins.
Preloading 0 native plugins for Editor in 0.00 ms.
Mono: successfully reloaded assembly
- Completed reload, in  0.982 seconds
Domain Reload Profiling:
	ReloadAssembly (982ms)
		BeginReloadAssembly (106ms)
			ExecutionOrderSort (0ms)
			DisableScriptedObjects (4ms)
			BackupInstance (0ms)
			ReleaseScriptingObjects (0ms)
			CreateAndSetChildDomain (32ms)
		EndReloadAssembly (816ms)
			LoadAssemblies (84ms)
			RebuildTransferFunctionScriptingTraits (0ms)
			SetupTypeCache (317ms)
			ReleaseScriptCaches (1ms)
			RebuildScriptCaches (45ms)
			SetupLoadedEditorAssemblies (275ms)
				LogAssemblyErrors (0ms)
				InitializePlatformSupportModulesInManaged (5ms)
				SetLoadedEditorAssemblies (0ms)
				RefreshPlugins (1ms)
				BeforeProcessingInitializeOnLoad (76ms)
				ProcessInitializeOnLoadAttributes (180ms)
				ProcessInitializeOnLoadMethodAttributes (8ms)
				AfterProcessingInitializeOnLoad (6ms)
				EditorAssembliesLoaded (0ms)
			ExecutionOrderSort2 (0ms)
			AwakeInstancesAfterBackupRestoration (6ms)
Platform modules already initialized, skipping
Refreshing native plugins compatible for Editor in 0.57 ms, found 2 plugins.
Preloading 0 native plugins for Editor in 0.00 ms.
Unloading 2731 Unused Serialized files (Serialized files now loaded: 0)
System memory in use before: 133.5 MB.
System memory in use after: 133.7 MB.

Unloading 15 unused Assets to reduce memory usage. Loaded Objects now: 3262.
Total: 2.890200 ms (FindLiveObjects: 0.238300 ms CreateObjectMapping: 0.135500 ms MarkObjects: 2.499100 ms  DeleteObjects: 0.016400 ms)

AssetImportParameters requested are different than current active one (requested -> active):
  custom:framework-win-MediaFoundation: 216162199b28c13a410421893ffa2e32 -> 
  custom:video-decoder-ogg-theora: a1e56fd34408186e4bbccfd4996cb3dc -> 
  custom:container-muxer-webm: aa71ff27fc2769a1b78a27578f13a17b -> 
  custom:container-demuxer-webm: 4f35f7cbe854078d1ac9338744f61a02 -> 
  custom:container-demuxer-ogg: 62fdf1f143b41e24485cea50d1cbac27 -> 
  custom:video-encoder-webm-vp8: eb34c28f22e8b96e1ab97ce403110664 -> 
  custom:video-decoder-webm-vp8: 9c59270c3fd7afecdb556c50c9e8de78 -> 
  custom:audio-decoder-ogg-vorbis: bf7c407c2cedff20999df2af8eb42d56 -> 
  custom:audio-encoder-webm-vorbis: bf7c407c2cedff20999df2af8eb42d56 -> 
========================================================================
Received Import Request.
  Time since last request: 713.079455 seconds.
  path: Assets/Detention/Fang/Animation/Up/StopUp/Resized/SHADED0000.png
  artifactKey: Guid(fcc96045f452a264ebfeb60e16b6a9f6) Importer(815301076,1909f56bfc062723c751e8b465ee728b)
Start importing Assets/Detention/Fang/Animation/Up/StopUp/Resized/SHADED0000.png using Guid(fcc96045f452a264ebfeb60e16b6a9f6) Importer(815301076,1909f56bfc062723c751e8b465ee728b)  -> (artifact id: '738e1fcf22209337e8f8ec6eaf1e0ae1') in 0.050867 seconds 
  Import took 0.054849 seconds .

========================================================================
Received Import Request.
  Time since last request: 9.737068 seconds.
  path: Assets/Detention/Fang/Animation/Up/StopUp/SHADED0001.png
  artifactKey: Guid(05e48ebf5ac2fd941ba55c3779509c6d) Importer(815301076,1909f56bfc062723c751e8b465ee728b)
Start importing Assets/Detention/Fang/Animation/Up/StopUp/SHADED0001.png using Guid(05e48ebf5ac2fd941ba55c3779509c6d) Importer(815301076,1909f56bfc062723c751e8b465ee728b)  -> (artifact id: '75b9391e3f819c9214bef18ec60ec888') in 0.019899 seconds 
  Import took 0.024802 seconds .

========================================================================
Received Prepare
Registering precompiled user dll's ...
Registered in 0.004363 seconds.
Begin MonoManager ReloadAssembly
Native extension for WindowsStandalone target not found
Native extension for WebGL target not found
Refreshing native plugins compatible for Editor in 0.54 ms, found 2 plugins.
Preloading 0 native plugins for Editor in 0.00 ms.
Mono: successfully reloaded assembly
- Completed reload, in  1.242 seconds
Domain Reload Profiling:
	ReloadAssembly (1242ms)
		BeginReloadAssembly (105ms)
			ExecutionOrderSort (0ms)
			DisableScriptedObjects (4ms)
			BackupInstance (0ms)
			ReleaseScriptingObjects (0ms)
			CreateAndSetChildDomain (31ms)
		EndReloadAssembly (1079ms)
			LoadAssemblies (78ms)
			RebuildTransferFunctionScriptingTraits (0ms)
			SetupTypeCache (313ms)
			ReleaseScriptCaches (3ms)
			RebuildScriptCaches (63ms)
			SetupLoadedEditorAssemblies (358ms)
				LogAssemblyErrors (0ms)
				InitializePlatformSupportModulesInManaged (6ms)
				SetLoadedEditorAssemblies (0ms)
				RefreshPlugins (1ms)
				BeforeProcessingInitializeOnLoad (141ms)
				ProcessInitializeOnLoadAttributes (197ms)
				ProcessInitializeOnLoadMethodAttributes (7ms)
				AfterProcessingInitializeOnLoad (5ms)
				EditorAssembliesLoaded (0ms)
			ExecutionOrderSort2 (0ms)
			AwakeInstancesAfterBackupRestoration (8ms)
Platform modules already initialized, skipping
Refreshing native plugins compatible for Editor in 0.54 ms, found 2 plugins.
Preloading 0 native plugins for Editor in 0.00 ms.
Unloading 2731 Unused Serialized files (Serialized files now loaded: 0)
System memory in use before: 133.5 MB.
System memory in use after: 133.8 MB.

Unloading 15 unused Assets to reduce memory usage. Loaded Objects now: 3267.
Total: 6.206600 ms (FindLiveObjects: 0.400700 ms CreateObjectMapping: 0.279200 ms MarkObjects: 5.493300 ms  DeleteObjects: 0.031900 ms)

AssetImportParameters requested are different than current active one (requested -> active):
  custom:framework-win-MediaFoundation: 216162199b28c13a410421893ffa2e32 -> 
  custom:video-decoder-ogg-theora: a1e56fd34408186e4bbccfd4996cb3dc -> 
  custom:container-muxer-webm: aa71ff27fc2769a1b78a27578f13a17b -> 
  custom:container-demuxer-webm: 4f35f7cbe854078d1ac9338744f61a02 -> 
  custom:container-demuxer-ogg: 62fdf1f143b41e24485cea50d1cbac27 -> 
  custom:video-encoder-webm-vp8: eb34c28f22e8b96e1ab97ce403110664 -> 
  custom:video-decoder-webm-vp8: 9c59270c3fd7afecdb556c50c9e8de78 -> 
  custom:audio-decoder-ogg-vorbis: bf7c407c2cedff20999df2af8eb42d56 -> 
  custom:audio-encoder-webm-vorbis: bf7c407c2cedff20999df2af8eb42d56 -> 
========================================================================
Received Prepare
Registering precompiled user dll's ...
Registered in 0.004349 seconds.
Begin MonoManager ReloadAssembly
Native extension for WindowsStandalone target not found
Native extension for WebGL target not found
Refreshing native plugins compatible for Editor in 0.65 ms, found 2 plugins.
Preloading 0 native plugins for Editor in 0.00 ms.
Mono: successfully reloaded assembly
- Completed reload, in  0.992 seconds
Domain Reload Profiling:
	ReloadAssembly (992ms)
		BeginReloadAssembly (103ms)
			ExecutionOrderSort (0ms)
			DisableScriptedObjects (4ms)
			BackupInstance (0ms)
			ReleaseScriptingObjects (0ms)
			CreateAndSetChildDomain (31ms)
		EndReloadAssembly (830ms)
			LoadAssemblies (82ms)
			RebuildTransferFunctionScriptingTraits (0ms)
			SetupTypeCache (330ms)
			ReleaseScriptCaches (1ms)
			RebuildScriptCaches (47ms)
			SetupLoadedEditorAssemblies (278ms)
				LogAssemblyErrors (0ms)
				InitializePlatformSupportModulesInManaged (6ms)
				SetLoadedEditorAssemblies (0ms)
				RefreshPlugins (1ms)
				BeforeProcessingInitializeOnLoad (74ms)
				ProcessInitializeOnLoadAttributes (183ms)
				ProcessInitializeOnLoadMethodAttributes (8ms)
				AfterProcessingInitializeOnLoad (6ms)
				EditorAssembliesLoaded (0ms)
			ExecutionOrderSort2 (0ms)
			AwakeInstancesAfterBackupRestoration (6ms)
Platform modules already initialized, skipping
Refreshing native plugins compatible for Editor in 0.59 ms, found 2 plugins.
Preloading 0 native plugins for Editor in 0.00 ms.
Unloading 2731 Unused Serialized files (Serialized files now loaded: 0)
System memory in use before: 133.6 MB.
System memory in use after: 133.8 MB.

Unloading 15 unused Assets to reduce memory usage. Loaded Objects now: 3269.
Total: 3.187800 ms (FindLiveObjects: 0.226500 ms CreateObjectMapping: 0.133400 ms MarkObjects: 2.809500 ms  DeleteObjects: 0.016700 ms)

AssetImportParameters requested are different than current active one (requested -> active):
  custom:framework-win-MediaFoundation: 216162199b28c13a410421893ffa2e32 -> 
  custom:video-decoder-ogg-theora: a1e56fd34408186e4bbccfd4996cb3dc -> 
  custom:container-muxer-webm: aa71ff27fc2769a1b78a27578f13a17b -> 
  custom:container-demuxer-webm: 4f35f7cbe854078d1ac9338744f61a02 -> 
  custom:container-demuxer-ogg: 62fdf1f143b41e24485cea50d1cbac27 -> 
  custom:video-encoder-webm-vp8: eb34c28f22e8b96e1ab97ce403110664 -> 
  custom:video-decoder-webm-vp8: 9c59270c3fd7afecdb556c50c9e8de78 -> 
  custom:audio-decoder-ogg-vorbis: bf7c407c2cedff20999df2af8eb42d56 -> 
  custom:audio-encoder-webm-vorbis: bf7c407c2cedff20999df2af8eb42d56 -> 
========================================================================
Received Prepare
Registering precompiled user dll's ...
Registered in 0.005646 seconds.
Begin MonoManager ReloadAssembly
Native extension for WindowsStandalone target not found
Native extension for WebGL target not found
Refreshing native plugins compatible for Editor in 0.82 ms, found 2 plugins.
Preloading 0 native plugins for Editor in 0.00 ms.
Mono: successfully reloaded assembly
- Completed reload, in  0.975 seconds
Domain Reload Profiling:
	ReloadAssembly (975ms)
		BeginReloadAssembly (101ms)
			ExecutionOrderSort (0ms)
			DisableScriptedObjects (4ms)
			BackupInstance (0ms)
			ReleaseScriptingObjects (0ms)
			CreateAndSetChildDomain (31ms)
		EndReloadAssembly (815ms)
			LoadAssemblies (83ms)
			RebuildTransferFunctionScriptingTraits (0ms)
			SetupTypeCache (319ms)
			ReleaseScriptCaches (1ms)
			RebuildScriptCaches (48ms)
			SetupLoadedEditorAssemblies (276ms)
				LogAssemblyErrors (0ms)
				InitializePlatformSupportModulesInManaged (5ms)
				SetLoadedEditorAssemblies (0ms)
				RefreshPlugins (1ms)
				BeforeProcessingInitializeOnLoad (76ms)
				ProcessInitializeOnLoadAttributes (180ms)
				ProcessInitializeOnLoadMethodAttributes (8ms)
				AfterProcessingInitializeOnLoad (6ms)
				EditorAssembliesLoaded (0ms)
			ExecutionOrderSort2 (0ms)
			AwakeInstancesAfterBackupRestoration (6ms)
Platform modules already initialized, skipping
Refreshing native plugins compatible for Editor in 0.57 ms, found 2 plugins.
Preloading 0 native plugins for Editor in 0.00 ms.
Unloading 2731 Unused Serialized files (Serialized files now loaded: 0)
System memory in use before: 133.6 MB.
System memory in use after: 133.8 MB.

Unloading 15 unused Assets to reduce memory usage. Loaded Objects now: 3271.
Total: 3.093900 ms (FindLiveObjects: 0.238200 ms CreateObjectMapping: 0.132400 ms MarkObjects: 2.699800 ms  DeleteObjects: 0.022400 ms)

AssetImportParameters requested are different than current active one (requested -> active):
  custom:framework-win-MediaFoundation: 216162199b28c13a410421893ffa2e32 -> 
  custom:video-decoder-ogg-theora: a1e56fd34408186e4bbccfd4996cb3dc -> 
  custom:container-muxer-webm: aa71ff27fc2769a1b78a27578f13a17b -> 
  custom:container-demuxer-webm: 4f35f7cbe854078d1ac9338744f61a02 -> 
  custom:container-demuxer-ogg: 62fdf1f143b41e24485cea50d1cbac27 -> 
  custom:video-encoder-webm-vp8: eb34c28f22e8b96e1ab97ce403110664 -> 
  custom:video-decoder-webm-vp8: 9c59270c3fd7afecdb556c50c9e8de78 -> 
  custom:audio-decoder-ogg-vorbis: bf7c407c2cedff20999df2af8eb42d56 -> 
  custom:audio-encoder-webm-vorbis: bf7c407c2cedff20999df2af8eb42d56 -> 
========================================================================
Received Prepare
Registering precompiled user dll's ...
Registered in 0.004060 seconds.
Begin MonoManager ReloadAssembly
Native extension for WindowsStandalone target not found
Native extension for WebGL target not found
Refreshing native plugins compatible for Editor in 0.57 ms, found 2 plugins.
Preloading 0 native plugins for Editor in 0.00 ms.
Mono: successfully reloaded assembly
- Completed reload, in  1.754 seconds
Domain Reload Profiling:
	ReloadAssembly (1755ms)
		BeginReloadAssembly (254ms)
			ExecutionOrderSort (0ms)
			DisableScriptedObjects (4ms)
			BackupInstance (0ms)
			ReleaseScriptingObjects (0ms)
			CreateAndSetChildDomain (72ms)
		EndReloadAssembly (1435ms)
			LoadAssemblies (180ms)
			RebuildTransferFunctionScriptingTraits (0ms)
			SetupTypeCache (567ms)
			ReleaseScriptCaches (3ms)
			RebuildScriptCaches (60ms)
			SetupLoadedEditorAssemblies (583ms)
				LogAssemblyErrors (0ms)
				InitializePlatformSupportModulesInManaged (5ms)
				SetLoadedEditorAssemblies (0ms)
				RefreshPlugins (1ms)
				BeforeProcessingInitializeOnLoad (149ms)
				ProcessInitializeOnLoadAttributes (392ms)
				ProcessInitializeOnLoadMethodAttributes (23ms)
				AfterProcessingInitializeOnLoad (13ms)
				EditorAssembliesLoaded (0ms)
			ExecutionOrderSort2 (0ms)
			AwakeInstancesAfterBackupRestoration (9ms)
Platform modules already initialized, skipping
Refreshing native plugins compatible for Editor in 0.94 ms, found 2 plugins.
Preloading 0 native plugins for Editor in 0.00 ms.
Unloading 2731 Unused Serialized files (Serialized files now loaded: 0)
System memory in use before: 133.6 MB.
System memory in use after: 133.8 MB.

Unloading 15 unused Assets to reduce memory usage. Loaded Objects now: 3273.
Total: 5.246600 ms (FindLiveObjects: 0.331500 ms CreateObjectMapping: 0.213900 ms MarkObjects: 4.674000 ms  DeleteObjects: 0.025900 ms)

AssetImportParameters requested are different than current active one (requested -> active):
  custom:framework-win-MediaFoundation: 216162199b28c13a410421893ffa2e32 -> 
  custom:video-decoder-ogg-theora: a1e56fd34408186e4bbccfd4996cb3dc -> 
  custom:container-muxer-webm: aa71ff27fc2769a1b78a27578f13a17b -> 
  custom:container-demuxer-webm: 4f35f7cbe854078d1ac9338744f61a02 -> 
  custom:container-demuxer-ogg: 62fdf1f143b41e24485cea50d1cbac27 -> 
  custom:video-encoder-webm-vp8: eb34c28f22e8b96e1ab97ce403110664 -> 
  custom:video-decoder-webm-vp8: 9c59270c3fd7afecdb556c50c9e8de78 -> 
  custom:audio-decoder-ogg-vorbis: bf7c407c2cedff20999df2af8eb42d56 -> 
  custom:audio-encoder-webm-vorbis: bf7c407c2cedff20999df2af8eb42d56 -> 
========================================================================
Received Import Request.
  Time since last request: 1906.629135 seconds.
  path: Assets/Scenes/OldDevScene.unity
  artifactKey: Guid(9fc0d4010bbf28b4594072e72b8655ab) Importer(815301076,1909f56bfc062723c751e8b465ee728b)
Start importing Assets/Scenes/OldDevScene.unity using Guid(9fc0d4010bbf28b4594072e72b8655ab) Importer(815301076,1909f56bfc062723c751e8b465ee728b)  -> (artifact id: '9a0a02d10fe3c04d3d66b5234ce3eff1') in 0.042571 seconds 
  Import took 0.047695 seconds .

========================================================================
Received Import Request.
  Time since last request: 37.105398 seconds.
  path: Assets/DownloadedAssets
  artifactKey: Guid(29cf7c1ad0bc7ca4ab59450ca4a68103) Importer(815301076,1909f56bfc062723c751e8b465ee728b)
Start importing Assets/DownloadedAssets using Guid(29cf7c1ad0bc7ca4ab59450ca4a68103) Importer(815301076,1909f56bfc062723c751e8b465ee728b)  -> (artifact id: '549de0e6621fa12b75bf578fb7f43bb2') in 0.006510 seconds 
  Import took 0.010939 seconds .

========================================================================
Received Import Request.
  Time since last request: 9.142744 seconds.
  path: Assets/ExampleAssets
  artifactKey: Guid(29cf7c1ad0bc7ca4ab59450ca4a68103) Importer(815301076,1909f56bfc062723c751e8b465ee728b)
Start importing Assets/ExampleAssets using Guid(29cf7c1ad0bc7ca4ab59450ca4a68103) Importer(815301076,1909f56bfc062723c751e8b465ee728b)  -> (artifact id: 'ff2bfcda8e94ac6f1e5f3669cf443e50') in 0.005929 seconds 
  Import took 0.010409 seconds .

========================================================================
Received Import Request.
  Time since last request: 1.102181 seconds.
  path: Assets/Fantasy Skybox FREE
  artifactKey: Guid(e53e4092494a8cf4aba2f12fd645f783) Importer(815301076,1909f56bfc062723c751e8b465ee728b)
Start importing Assets/Fantasy Skybox FREE using Guid(e53e4092494a8cf4aba2f12fd645f783) Importer(815301076,1909f56bfc062723c751e8b465ee728b)  -> (artifact id: '4e51f24bd722b790af189e742c2eef85') in 0.008001 seconds 
  Import took 0.012932 seconds .

========================================================================
Received Prepare
Registering precompiled user dll's ...
Registered in 0.004096 seconds.
Begin MonoManager ReloadAssembly
Native extension for WindowsStandalone target not found
Native extension for WebGL target not found
Refreshing native plugins compatible for Editor in 0.54 ms, found 2 plugins.
Preloading 0 native plugins for Editor in 0.00 ms.
Mono: successfully reloaded assembly
- Completed reload, in  1.415 seconds
Domain Reload Profiling:
	ReloadAssembly (1416ms)
		BeginReloadAssembly (262ms)
			ExecutionOrderSort (0ms)
			DisableScriptedObjects (15ms)
			BackupInstance (0ms)
			ReleaseScriptingObjects (0ms)
			CreateAndSetChildDomain (46ms)
		EndReloadAssembly (900ms)
			LoadAssemblies (252ms)
			RebuildTransferFunctionScriptingTraits (0ms)
			SetupTypeCache (295ms)
			ReleaseScriptCaches (1ms)
			RebuildScriptCaches (40ms)
			SetupLoadedEditorAssemblies (285ms)
				LogAssemblyErrors (0ms)
				InitializePlatformSupportModulesInManaged (5ms)
				SetLoadedEditorAssemblies (0ms)
				RefreshPlugins (1ms)
				BeforeProcessingInitializeOnLoad (70ms)
				ProcessInitializeOnLoadAttributes (169ms)
				ProcessInitializeOnLoadMethodAttributes (19ms)
				AfterProcessingInitializeOnLoad (19ms)
				EditorAssembliesLoaded (1ms)
			ExecutionOrderSort2 (0ms)
			AwakeInstancesAfterBackupRestoration (18ms)
Platform modules already initialized, skipping
Refreshing native plugins compatible for Editor in 0.54 ms, found 2 plugins.
Preloading 0 native plugins for Editor in 0.00 ms.
Unloading 2731 Unused Serialized files (Serialized files now loaded: 0)
System memory in use before: 133.6 MB.
System memory in use after: 133.8 MB.

Unloading 15 unused Assets to reduce memory usage. Loaded Objects now: 3275.
Total: 4.473100 ms (FindLiveObjects: 0.207900 ms CreateObjectMapping: 0.124200 ms MarkObjects: 4.117200 ms  DeleteObjects: 0.023000 ms)

AssetImportParameters requested are different than current active one (requested -> active):
  custom:framework-win-MediaFoundation: 216162199b28c13a410421893ffa2e32 -> 
  custom:video-decoder-ogg-theora: a1e56fd34408186e4bbccfd4996cb3dc -> 
  custom:container-muxer-webm: aa71ff27fc2769a1b78a27578f13a17b -> 
  custom:container-demuxer-webm: 4f35f7cbe854078d1ac9338744f61a02 -> 
  custom:container-demuxer-ogg: 62fdf1f143b41e24485cea50d1cbac27 -> 
  custom:video-encoder-webm-vp8: eb34c28f22e8b96e1ab97ce403110664 -> 
  custom:video-decoder-webm-vp8: 9c59270c3fd7afecdb556c50c9e8de78 -> 
  custom:audio-decoder-ogg-vorbis: bf7c407c2cedff20999df2af8eb42d56 -> 
  custom:audio-encoder-webm-vorbis: bf7c407c2cedff20999df2af8eb42d56 -> 
========================================================================
Received Prepare
Registering precompiled user dll's ...
Registered in 0.004037 seconds.
Begin MonoManager ReloadAssembly
Native extension for WindowsStandalone target not found
Native extension for WebGL target not found
Refreshing native plugins compatible for Editor in 0.55 ms, found 2 plugins.
Preloading 0 native plugins for Editor in 0.00 ms.
Mono: successfully reloaded assembly
- Completed reload, in  1.074 seconds
Domain Reload Profiling:
	ReloadAssembly (1074ms)
		BeginReloadAssembly (169ms)
			ExecutionOrderSort (0ms)
			DisableScriptedObjects (4ms)
			BackupInstance (0ms)
			ReleaseScriptingObjects (0ms)
			CreateAndSetChildDomain (66ms)
		EndReloadAssembly (850ms)
			LoadAssemblies (79ms)
			RebuildTransferFunctionScriptingTraits (0ms)
			SetupTypeCache (298ms)
			ReleaseScriptCaches (1ms)
			RebuildScriptCaches (40ms)
			SetupLoadedEditorAssemblies (354ms)
				LogAssemblyErrors (0ms)
				InitializePlatformSupportModulesInManaged (5ms)
				SetLoadedEditorAssemblies (0ms)
				RefreshPlugins (1ms)
				BeforeProcessingInitializeOnLoad (166ms)
				ProcessInitializeOnLoadAttributes (170ms)
				ProcessInitializeOnLoadMethodAttributes (7ms)
				AfterProcessingInitializeOnLoad (5ms)
				EditorAssembliesLoaded (0ms)
			ExecutionOrderSort2 (0ms)
			AwakeInstancesAfterBackupRestoration (5ms)
Platform modules already initialized, skipping
Refreshing native plugins compatible for Editor in 0.60 ms, found 2 plugins.
Preloading 0 native plugins for Editor in 0.00 ms.
Unloading 2731 Unused Serialized files (Serialized files now loaded: 0)
System memory in use before: 133.6 MB.
System memory in use after: 133.8 MB.

Unloading 15 unused Assets to reduce memory usage. Loaded Objects now: 3277.
Total: 2.663800 ms (FindLiveObjects: 0.211300 ms CreateObjectMapping: 0.122600 ms MarkObjects: 2.316800 ms  DeleteObjects: 0.012300 ms)

AssetImportParameters requested are different than current active one (requested -> active):
  custom:framework-win-MediaFoundation: 216162199b28c13a410421893ffa2e32 -> 
  custom:video-decoder-ogg-theora: a1e56fd34408186e4bbccfd4996cb3dc -> 
  custom:container-muxer-webm: aa71ff27fc2769a1b78a27578f13a17b -> 
  custom:container-demuxer-webm: 4f35f7cbe854078d1ac9338744f61a02 -> 
  custom:container-demuxer-ogg: 62fdf1f143b41e24485cea50d1cbac27 -> 
  custom:video-encoder-webm-vp8: eb34c28f22e8b96e1ab97ce403110664 -> 
  custom:video-decoder-webm-vp8: 9c59270c3fd7afecdb556c50c9e8de78 -> 
  custom:audio-decoder-ogg-vorbis: bf7c407c2cedff20999df2af8eb42d56 -> 
  custom:audio-encoder-webm-vorbis: bf7c407c2cedff20999df2af8eb42d56 -> 
========================================================================
Received Import Request.
  Time since last request: 209.304143 seconds.
  path: Assets/Detention/Fang/Animation/Right/RunRight/New/SHADED0009.png
  artifactKey: Guid(8c9e6dfbb2e1beb47a06bb40e5749093) Importer(815301076,1909f56bfc062723c751e8b465ee728b)
Start importing Assets/Detention/Fang/Animation/Right/RunRight/New/SHADED0009.png using Guid(8c9e6dfbb2e1beb47a06bb40e5749093) Importer(815301076,1909f56bfc062723c751e8b465ee728b)  -> (artifact id: 'a1b2c6f12006b51a5ac4faba2015e417') in 0.054639 seconds 
  Import took 0.058799 seconds .

========================================================================
Received Import Request.
  Time since last request: 121.879032 seconds.
  path: Assets/Detention/Fang/Animation/Right/IdleRight/FangIdleRight.anim
  artifactKey: Guid(770c307faeb92164f8d0f9ecd942a252) Importer(815301076,1909f56bfc062723c751e8b465ee728b)
Start importing Assets/Detention/Fang/Animation/Right/IdleRight/FangIdleRight.anim using Guid(770c307faeb92164f8d0f9ecd942a252) Importer(815301076,1909f56bfc062723c751e8b465ee728b)  -> (artifact id: '2ebf7274708ec3bc6e141e94834cff9d') in 0.010219 seconds 
  Import took 0.015186 seconds .

========================================================================
Received Import Request.
  Time since last request: 437.013083 seconds.
  path: Assets/Detention/Fang/Animation/FangAnimationController.controller
  artifactKey: Guid(8cce04305b7c8e64f8143d945d0ee1c0) Importer(815301076,1909f56bfc062723c751e8b465ee728b)
Start importing Assets/Detention/Fang/Animation/FangAnimationController.controller using Guid(8cce04305b7c8e64f8143d945d0ee1c0) Importer(815301076,1909f56bfc062723c751e8b465ee728b)  -> (artifact id: '644ea0a991ecd05ce4915f76aa9ca89b') in 0.042682 seconds 
  Import took 0.056951 seconds .

========================================================================
Received Prepare
Registering precompiled user dll's ...
Registered in 0.004243 seconds.
Begin MonoManager ReloadAssembly
Native extension for WindowsStandalone target not found
Native extension for WebGL target not found
Refreshing native plugins compatible for Editor in 0.61 ms, found 2 plugins.
Preloading 0 native plugins for Editor in 0.00 ms.
Mono: successfully reloaded assembly
- Completed reload, in  0.939 seconds
Domain Reload Profiling:
	ReloadAssembly (939ms)
		BeginReloadAssembly (108ms)
			ExecutionOrderSort (0ms)
			DisableScriptedObjects (4ms)
			BackupInstance (0ms)
			ReleaseScriptingObjects (0ms)
			CreateAndSetChildDomain (31ms)
		EndReloadAssembly (774ms)
			LoadAssemblies (79ms)
			RebuildTransferFunctionScriptingTraits (0ms)
			SetupTypeCache (293ms)
			ReleaseScriptCaches (1ms)
			RebuildScriptCaches (43ms)
			SetupLoadedEditorAssemblies (270ms)
				LogAssemblyErrors (0ms)
				InitializePlatformSupportModulesInManaged (5ms)
				SetLoadedEditorAssemblies (0ms)
				RefreshPlugins (1ms)
				BeforeProcessingInitializeOnLoad (72ms)
				ProcessInitializeOnLoadAttributes (178ms)
				ProcessInitializeOnLoadMethodAttributes (8ms)
				AfterProcessingInitializeOnLoad (6ms)
				EditorAssembliesLoaded (0ms)
			ExecutionOrderSort2 (0ms)
			AwakeInstancesAfterBackupRestoration (6ms)
Platform modules already initialized, skipping
Refreshing native plugins compatible for Editor in 0.62 ms, found 2 plugins.
Preloading 0 native plugins for Editor in 0.00 ms.
Unloading 2731 Unused Serialized files (Serialized files now loaded: 0)
System memory in use before: 133.6 MB.
System memory in use after: 133.8 MB.

Unloading 15 unused Assets to reduce memory usage. Loaded Objects now: 3280.
Total: 3.022300 ms (FindLiveObjects: 0.242900 ms CreateObjectMapping: 0.163500 ms MarkObjects: 2.598200 ms  DeleteObjects: 0.016800 ms)

AssetImportParameters requested are different than current active one (requested -> active):
  custom:framework-win-MediaFoundation: 216162199b28c13a410421893ffa2e32 -> 
  custom:video-decoder-ogg-theora: a1e56fd34408186e4bbccfd4996cb3dc -> 
  custom:container-muxer-webm: aa71ff27fc2769a1b78a27578f13a17b -> 
  custom:container-demuxer-webm: 4f35f7cbe854078d1ac9338744f61a02 -> 
  custom:container-demuxer-ogg: 62fdf1f143b41e24485cea50d1cbac27 -> 
  custom:video-encoder-webm-vp8: eb34c28f22e8b96e1ab97ce403110664 -> 
  custom:video-decoder-webm-vp8: 9c59270c3fd7afecdb556c50c9e8de78 -> 
  custom:audio-decoder-ogg-vorbis: bf7c407c2cedff20999df2af8eb42d56 -> 
  custom:audio-encoder-webm-vorbis: bf7c407c2cedff20999df2af8eb42d56 -> 
========================================================================
Received Prepare
Registering precompiled user dll's ...
Registered in 0.004131 seconds.
Begin MonoManager ReloadAssembly
Native extension for WindowsStandalone target not found
Native extension for WebGL target not found
Refreshing native plugins compatible for Editor in 0.55 ms, found 2 plugins.
Preloading 0 native plugins for Editor in 0.00 ms.
Mono: successfully reloaded assembly
- Completed reload, in  1.196 seconds
Domain Reload Profiling:
	ReloadAssembly (1197ms)
		BeginReloadAssembly (151ms)
			ExecutionOrderSort (0ms)
			DisableScriptedObjects (4ms)
			BackupInstance (0ms)
			ReleaseScriptingObjects (0ms)
			CreateAndSetChildDomain (73ms)
		EndReloadAssembly (988ms)
			LoadAssemblies (88ms)
			RebuildTransferFunctionScriptingTraits (0ms)
			SetupTypeCache (369ms)
			ReleaseScriptCaches (1ms)
			RebuildScriptCaches (49ms)
			SetupLoadedEditorAssemblies (402ms)
				LogAssemblyErrors (0ms)
				InitializePlatformSupportModulesInManaged (5ms)
				SetLoadedEditorAssemblies (0ms)
				RefreshPlugins (1ms)
				BeforeProcessingInitializeOnLoad (70ms)
				ProcessInitializeOnLoadAttributes (313ms)
				ProcessInitializeOnLoadMethodAttributes (7ms)
				AfterProcessingInitializeOnLoad (6ms)
				EditorAssembliesLoaded (0ms)
			ExecutionOrderSort2 (0ms)
			AwakeInstancesAfterBackupRestoration (5ms)
Platform modules already initialized, skipping
Refreshing native plugins compatible for Editor in 0.54 ms, found 2 plugins.
Preloading 0 native plugins for Editor in 0.00 ms.
Unloading 2731 Unused Serialized files (Serialized files now loaded: 0)
System memory in use before: 133.6 MB.
System memory in use after: 133.8 MB.

Unloading 15 unused Assets to reduce memory usage. Loaded Objects now: 3282.
Total: 2.773700 ms (FindLiveObjects: 0.200700 ms CreateObjectMapping: 0.115300 ms MarkObjects: 2.443500 ms  DeleteObjects: 0.013300 ms)

AssetImportParameters requested are different than current active one (requested -> active):
  custom:framework-win-MediaFoundation: 216162199b28c13a410421893ffa2e32 -> 
  custom:video-decoder-ogg-theora: a1e56fd34408186e4bbccfd4996cb3dc -> 
  custom:container-muxer-webm: aa71ff27fc2769a1b78a27578f13a17b -> 
  custom:container-demuxer-webm: 4f35f7cbe854078d1ac9338744f61a02 -> 
  custom:container-demuxer-ogg: 62fdf1f143b41e24485cea50d1cbac27 -> 
  custom:video-encoder-webm-vp8: eb34c28f22e8b96e1ab97ce403110664 -> 
  custom:video-decoder-webm-vp8: 9c59270c3fd7afecdb556c50c9e8de78 -> 
  custom:audio-decoder-ogg-vorbis: bf7c407c2cedff20999df2af8eb42d56 -> 
  custom:audio-encoder-webm-vorbis: bf7c407c2cedff20999df2af8eb42d56 -> 
========================================================================
Received Import Request.
  Time since last request: 548.218289 seconds.
  path: Assets/Detention/Fang/Animation/Right/StopRight/FangStopRight.anim
  artifactKey: Guid(712357538939b94458a94233060a4371) Importer(815301076,1909f56bfc062723c751e8b465ee728b)
Start importing Assets/Detention/Fang/Animation/Right/StopRight/FangStopRight.anim using Guid(712357538939b94458a94233060a4371) Importer(815301076,1909f56bfc062723c751e8b465ee728b)  -> (artifact id: '7cef0b7309356b2135be8d965c59a1dc') in 0.027746 seconds 
  Import took 0.032728 seconds .

========================================================================
Received Prepare
Registering precompiled user dll's ...
Registered in 0.004165 seconds.
Begin MonoManager ReloadAssembly
Native extension for WindowsStandalone target not found
Native extension for WebGL target not found
Refreshing native plugins compatible for Editor in 0.53 ms, found 2 plugins.
Preloading 0 native plugins for Editor in 0.00 ms.
Mono: successfully reloaded assembly
- Completed reload, in  1.142 seconds
Domain Reload Profiling:
	ReloadAssembly (1142ms)
		BeginReloadAssembly (135ms)
			ExecutionOrderSort (0ms)
			DisableScriptedObjects (4ms)
			BackupInstance (0ms)
			ReleaseScriptingObjects (0ms)
			CreateAndSetChildDomain (52ms)
		EndReloadAssembly (950ms)
			LoadAssemblies (83ms)
			RebuildTransferFunctionScriptingTraits (0ms)
			SetupTypeCache (391ms)
			ReleaseScriptCaches (1ms)
			RebuildScriptCaches (42ms)
			SetupLoadedEditorAssemblies (323ms)
				LogAssemblyErrors (0ms)
				InitializePlatformSupportModulesInManaged (5ms)
				SetLoadedEditorAssemblies (0ms)
				RefreshPlugins (1ms)
				BeforeProcessingInitializeOnLoad (70ms)
				ProcessInitializeOnLoadAttributes (220ms)
				ProcessInitializeOnLoadMethodAttributes (8ms)
				AfterProcessingInitializeOnLoad (17ms)
				EditorAssembliesLoaded (1ms)
			ExecutionOrderSort2 (0ms)
			AwakeInstancesAfterBackupRestoration (14ms)
Platform modules already initialized, skipping
Refreshing native plugins compatible for Editor in 1.19 ms, found 2 plugins.
Preloading 0 native plugins for Editor in 0.00 ms.
Unloading 2731 Unused Serialized files (Serialized files now loaded: 0)
System memory in use before: 133.6 MB.
System memory in use after: 133.8 MB.

Unloading 15 unused Assets to reduce memory usage. Loaded Objects now: 3284.
Total: 6.867200 ms (FindLiveObjects: 0.439300 ms CreateObjectMapping: 0.289800 ms MarkObjects: 6.082900 ms  DeleteObjects: 0.052900 ms)

AssetImportParameters requested are different than current active one (requested -> active):
  custom:framework-win-MediaFoundation: 216162199b28c13a410421893ffa2e32 -> 
  custom:video-decoder-ogg-theora: a1e56fd34408186e4bbccfd4996cb3dc -> 
  custom:container-muxer-webm: aa71ff27fc2769a1b78a27578f13a17b -> 
  custom:container-demuxer-webm: 4f35f7cbe854078d1ac9338744f61a02 -> 
  custom:container-demuxer-ogg: 62fdf1f143b41e24485cea50d1cbac27 -> 
  custom:video-encoder-webm-vp8: eb34c28f22e8b96e1ab97ce403110664 -> 
  custom:video-decoder-webm-vp8: 9c59270c3fd7afecdb556c50c9e8de78 -> 
  custom:audio-decoder-ogg-vorbis: bf7c407c2cedff20999df2af8eb42d56 -> 
  custom:audio-encoder-webm-vorbis: bf7c407c2cedff20999df2af8eb42d56 -> 
========================================================================
Received Import Request.
  Time since last request: 71.675441 seconds.
  path: Assets/Detention/Fang/Animation/FangAnimationController.controller
  artifactKey: Guid(8cce04305b7c8e64f8143d945d0ee1c0) Importer(815301076,1909f56bfc062723c751e8b465ee728b)
Start importing Assets/Detention/Fang/Animation/FangAnimationController.controller using Guid(8cce04305b7c8e64f8143d945d0ee1c0) Importer(815301076,1909f56bfc062723c751e8b465ee728b)  -> (artifact id: 'ec3422ab7cc1db7e447d634b6fbb9255') in 0.019075 seconds 
  Import took 0.023712 seconds .

========================================================================
Received Prepare
Registering precompiled user dll's ...
Registered in 0.004271 seconds.
Begin MonoManager ReloadAssembly
Native extension for WindowsStandalone target not found
Native extension for WebGL target not found
Refreshing native plugins compatible for Editor in 0.66 ms, found 2 plugins.
Preloading 0 native plugins for Editor in 0.00 ms.
Mono: successfully reloaded assembly
- Completed reload, in  0.920 seconds
Domain Reload Profiling:
	ReloadAssembly (920ms)
		BeginReloadAssembly (95ms)
			ExecutionOrderSort (0ms)
			DisableScriptedObjects (4ms)
			BackupInstance (0ms)
			ReleaseScriptingObjects (0ms)
			CreateAndSetChildDomain (31ms)
		EndReloadAssembly (768ms)
			LoadAssemblies (79ms)
			RebuildTransferFunctionScriptingTraits (0ms)
			SetupTypeCache (291ms)
			ReleaseScriptCaches (1ms)
			RebuildScriptCaches (43ms)
			SetupLoadedEditorAssemblies (265ms)
				LogAssemblyErrors (0ms)
				InitializePlatformSupportModulesInManaged (5ms)
				SetLoadedEditorAssemblies (0ms)
				RefreshPlugins (1ms)
				BeforeProcessingInitializeOnLoad (72ms)
				ProcessInitializeOnLoadAttributes (174ms)
				ProcessInitializeOnLoadMethodAttributes (7ms)
				AfterProcessingInitializeOnLoad (6ms)
				EditorAssembliesLoaded (0ms)
			ExecutionOrderSort2 (0ms)
			AwakeInstancesAfterBackupRestoration (6ms)
Platform modules already initialized, skipping
Refreshing native plugins compatible for Editor in 0.60 ms, found 2 plugins.
Preloading 0 native plugins for Editor in 0.00 ms.
Unloading 2731 Unused Serialized files (Serialized files now loaded: 0)
System memory in use before: 133.6 MB.
System memory in use after: 133.9 MB.

Unloading 15 unused Assets to reduce memory usage. Loaded Objects now: 3286.
Total: 2.959200 ms (FindLiveObjects: 0.246700 ms CreateObjectMapping: 0.144100 ms MarkObjects: 2.548900 ms  DeleteObjects: 0.018600 ms)

AssetImportParameters requested are different than current active one (requested -> active):
  custom:framework-win-MediaFoundation: 216162199b28c13a410421893ffa2e32 -> 
  custom:video-decoder-ogg-theora: a1e56fd34408186e4bbccfd4996cb3dc -> 
  custom:container-muxer-webm: aa71ff27fc2769a1b78a27578f13a17b -> 
  custom:container-demuxer-webm: 4f35f7cbe854078d1ac9338744f61a02 -> 
  custom:container-demuxer-ogg: 62fdf1f143b41e24485cea50d1cbac27 -> 
  custom:video-encoder-webm-vp8: eb34c28f22e8b96e1ab97ce403110664 -> 
  custom:video-decoder-webm-vp8: 9c59270c3fd7afecdb556c50c9e8de78 -> 
  custom:audio-decoder-ogg-vorbis: bf7c407c2cedff20999df2af8eb42d56 -> 
  custom:audio-encoder-webm-vorbis: bf7c407c2cedff20999df2af8eb42d56 -> 
========================================================================
Received Prepare
Registering precompiled user dll's ...
Registered in 0.004396 seconds.
Begin MonoManager ReloadAssembly
Native extension for WindowsStandalone target not found
Native extension for WebGL target not found
Refreshing native plugins compatible for Editor in 0.66 ms, found 2 plugins.
Preloading 0 native plugins for Editor in 0.00 ms.
Mono: successfully reloaded assembly
- Completed reload, in  0.965 seconds
Domain Reload Profiling:
	ReloadAssembly (965ms)
		BeginReloadAssembly (109ms)
			ExecutionOrderSort (0ms)
			DisableScriptedObjects (4ms)
			BackupInstance (0ms)
			ReleaseScriptingObjects (0ms)
			CreateAndSetChildDomain (34ms)
		EndReloadAssembly (798ms)
			LoadAssemblies (82ms)
			RebuildTransferFunctionScriptingTraits (0ms)
			SetupTypeCache (306ms)
			ReleaseScriptCaches (2ms)
			RebuildScriptCaches (45ms)
			SetupLoadedEditorAssemblies (273ms)
				LogAssemblyErrors (0ms)
				InitializePlatformSupportModulesInManaged (5ms)
				SetLoadedEditorAssemblies (0ms)
				RefreshPlugins (1ms)
				BeforeProcessingInitializeOnLoad (74ms)
				ProcessInitializeOnLoadAttributes (179ms)
				ProcessInitializeOnLoadMethodAttributes (8ms)
				AfterProcessingInitializeOnLoad (6ms)
				EditorAssembliesLoaded (0ms)
			ExecutionOrderSort2 (0ms)
			AwakeInstancesAfterBackupRestoration (6ms)
Platform modules already initialized, skipping
Refreshing native plugins compatible for Editor in 0.58 ms, found 2 plugins.
Preloading 0 native plugins for Editor in 0.00 ms.
Unloading 2731 Unused Serialized files (Serialized files now loaded: 0)
System memory in use before: 133.6 MB.
System memory in use after: 133.9 MB.

Unloading 15 unused Assets to reduce memory usage. Loaded Objects now: 3288.
Total: 3.659100 ms (FindLiveObjects: 0.387400 ms CreateObjectMapping: 0.216000 ms MarkObjects: 3.033800 ms  DeleteObjects: 0.020800 ms)

AssetImportParameters requested are different than current active one (requested -> active):
  custom:framework-win-MediaFoundation: 216162199b28c13a410421893ffa2e32 -> 
  custom:video-decoder-ogg-theora: a1e56fd34408186e4bbccfd4996cb3dc -> 
  custom:container-muxer-webm: aa71ff27fc2769a1b78a27578f13a17b -> 
  custom:container-demuxer-webm: 4f35f7cbe854078d1ac9338744f61a02 -> 
  custom:container-demuxer-ogg: 62fdf1f143b41e24485cea50d1cbac27 -> 
  custom:video-encoder-webm-vp8: eb34c28f22e8b96e1ab97ce403110664 -> 
  custom:video-decoder-webm-vp8: 9c59270c3fd7afecdb556c50c9e8de78 -> 
  custom:audio-decoder-ogg-vorbis: bf7c407c2cedff20999df2af8eb42d56 -> 
  custom:audio-encoder-webm-vorbis: bf7c407c2cedff20999df2af8eb42d56 -> 
========================================================================
Received Prepare
Registering precompiled user dll's ...
Registered in 0.004365 seconds.
Begin MonoManager ReloadAssembly
Native extension for WindowsStandalone target not found
Native extension for WebGL target not found
Refreshing native plugins compatible for Editor in 0.55 ms, found 2 plugins.
Preloading 0 native plugins for Editor in 0.00 ms.
Mono: successfully reloaded assembly
- Completed reload, in  0.952 seconds
Domain Reload Profiling:
	ReloadAssembly (953ms)
		BeginReloadAssembly (107ms)
			ExecutionOrderSort (0ms)
			DisableScriptedObjects (4ms)
			BackupInstance (0ms)
			ReleaseScriptingObjects (0ms)
			CreateAndSetChildDomain (29ms)
		EndReloadAssembly (789ms)
			LoadAssemblies (80ms)
			RebuildTransferFunctionScriptingTraits (0ms)
			SetupTypeCache (300ms)
			ReleaseScriptCaches (1ms)
			RebuildScriptCaches (44ms)
			SetupLoadedEditorAssemblies (273ms)
				LogAssemblyErrors (0ms)
				InitializePlatformSupportModulesInManaged (5ms)
				SetLoadedEditorAssemblies (0ms)
				RefreshPlugins (1ms)
				BeforeProcessingInitializeOnLoad (73ms)
				ProcessInitializeOnLoadAttributes (180ms)
				ProcessInitializeOnLoadMethodAttributes (8ms)
				AfterProcessingInitializeOnLoad (6ms)
				EditorAssembliesLoaded (0ms)
			ExecutionOrderSort2 (0ms)
			AwakeInstancesAfterBackupRestoration (6ms)
Platform modules already initialized, skipping
Refreshing native plugins compatible for Editor in 0.61 ms, found 2 plugins.
Preloading 0 native plugins for Editor in 0.00 ms.
Unloading 2731 Unused Serialized files (Serialized files now loaded: 0)
System memory in use before: 133.6 MB.
System memory in use after: 133.9 MB.

Unloading 15 unused Assets to reduce memory usage. Loaded Objects now: 3290.
Total: 3.034200 ms (FindLiveObjects: 0.233500 ms CreateObjectMapping: 0.134600 ms MarkObjects: 2.648800 ms  DeleteObjects: 0.016300 ms)

AssetImportParameters requested are different than current active one (requested -> active):
  custom:framework-win-MediaFoundation: 216162199b28c13a410421893ffa2e32 -> 
  custom:video-decoder-ogg-theora: a1e56fd34408186e4bbccfd4996cb3dc -> 
  custom:container-muxer-webm: aa71ff27fc2769a1b78a27578f13a17b -> 
  custom:container-demuxer-webm: 4f35f7cbe854078d1ac9338744f61a02 -> 
  custom:container-demuxer-ogg: 62fdf1f143b41e24485cea50d1cbac27 -> 
  custom:video-encoder-webm-vp8: eb34c28f22e8b96e1ab97ce403110664 -> 
  custom:video-decoder-webm-vp8: 9c59270c3fd7afecdb556c50c9e8de78 -> 
  custom:audio-decoder-ogg-vorbis: bf7c407c2cedff20999df2af8eb42d56 -> 
  custom:audio-encoder-webm-vorbis: bf7c407c2cedff20999df2af8eb42d56 -> 
AssetImportWorkerClient::OnTransportError - code=2 error=End of file
